#! /c/Source/iverilog-install/bin/vvp
:ivl_version "12.0 (devel)" "(s20150603-1110-g18392a46)";
:ivl_delay_selection "TYPICAL";
:vpi_time_precision - 12;
:vpi_module "C:\iverilog\lib\ivl\system.vpi";
:vpi_module "C:\iverilog\lib\ivl\vhdl_sys.vpi";
:vpi_module "C:\iverilog\lib\ivl\vhdl_textio.vpi";
:vpi_module "C:\iverilog\lib\ivl\v2005_math.vpi";
:vpi_module "C:\iverilog\lib\ivl\va_math.vpi";
S_000002c65e9688d0 .scope module, "tb_seq_detect_mealy" "tb_seq_detect_mealy" 2 3;
 .timescale -9 -12;
P_000002c65ea57560 .param/l "N" 1 2 24, +C4<00000000000000000000000000001011>;
v000002c65e942b40_0 .var "clk", 0 0;
v000002c65e942be0_0 .var "din", 0 0;
v000002c65e942c80_0 .var/i "i", 31 0;
v000002c65e942d20_0 .var "rst", 0 0;
v000002c65e942dc0_0 .var "stream", 10 0;
v000002c65e942e60_0 .net "y", 0 0, v000002c65e942aa0_0;  1 drivers
S_000002c65e968a60 .scope module, "dut" "seq_detect_mealy" 2 11, 3 4 0, S_000002c65e9688d0;
 .timescale 0 0;
    .port_info 0 /INPUT 1 "clk";
    .port_info 1 /INPUT 1 "rst";
    .port_info 2 /INPUT 1 "din";
    .port_info 3 /OUTPUT 1 "y";
P_000002c65e968f10 .param/l "S0" 1 3 15, C4<00>;
P_000002c65e968f48 .param/l "S1" 1 3 16, C4<01>;
P_000002c65e968f80 .param/l "S2" 1 3 17, C4<10>;
P_000002c65e968fb8 .param/l "S3" 1 3 18, C4<11>;
v000002c65e969000_0 .net "clk", 0 0, v000002c65e942b40_0;  1 drivers
v000002c65ea5e900_0 .net "din", 0 0, v000002c65e942be0_0;  1 drivers
v000002c65e9690a0_0 .var "next_state", 1 0;
v000002c65e969140_0 .net "rst", 0 0, v000002c65e942d20_0;  1 drivers
v000002c65e9691e0_0 .var "state", 1 0;
v000002c65e942aa0_0 .var "y", 0 0;
E_000002c65ea573e0 .event posedge, v000002c65e969000_0;
E_000002c65ea57b60 .event anyedge, v000002c65e9691e0_0, v000002c65ea5e900_0;
    .scope S_000002c65e968a60;
T_0 ;
    %wait E_000002c65ea57b60;
    %load/vec4 v000002c65e9691e0_0;
    %store/vec4 v000002c65e9690a0_0, 0, 2;
    %pushi/vec4 0, 0, 1;
    %store/vec4 v000002c65e942aa0_0, 0, 1;
    %load/vec4 v000002c65e9691e0_0;
    %dup/vec4;
    %pushi/vec4 0, 0, 2;
    %cmp/u;
    %jmp/1 T_0.0, 6;
    %dup/vec4;
    %pushi/vec4 1, 0, 2;
    %cmp/u;
    %jmp/1 T_0.1, 6;
    %dup/vec4;
    %pushi/vec4 2, 0, 2;
    %cmp/u;
    %jmp/1 T_0.2, 6;
    %dup/vec4;
    %pushi/vec4 3, 0, 2;
    %cmp/u;
    %jmp/1 T_0.3, 6;
    %pushi/vec4 0, 0, 2;
    %store/vec4 v000002c65e9690a0_0, 0, 2;
    %jmp T_0.5;
T_0.0 ;
    %load/vec4 v000002c65ea5e900_0;
    %flag_set/vec4 8;
    %jmp/0 T_0.6, 8;
    %pushi/vec4 1, 0, 2;
    %jmp/1 T_0.7, 8;
T_0.6 ; End of true expr.
    %pushi/vec4 0, 0, 2;
    %jmp/0 T_0.7, 8;
 ; End of false expr.
    %blend;
T_0.7;
    %store/vec4 v000002c65e9690a0_0, 0, 2;
    %jmp T_0.5;
T_0.1 ;
    %load/vec4 v000002c65ea5e900_0;
    %flag_set/vec4 8;
    %jmp/0 T_0.8, 8;
    %pushi/vec4 2, 0, 2;
    %jmp/1 T_0.9, 8;
T_0.8 ; End of true expr.
    %pushi/vec4 0, 0, 2;
    %jmp/0 T_0.9, 8;
 ; End of false expr.
    %blend;
T_0.9;
    %store/vec4 v000002c65e9690a0_0, 0, 2;
    %jmp T_0.5;
T_0.2 ;
    %load/vec4 v000002c65ea5e900_0;
    %flag_set/vec4 8;
    %jmp/0 T_0.10, 8;
    %pushi/vec4 2, 0, 2;
    %jmp/1 T_0.11, 8;
T_0.10 ; End of true expr.
    %pushi/vec4 3, 0, 2;
    %jmp/0 T_0.11, 8;
 ; End of false expr.
    %blend;
T_0.11;
    %store/vec4 v000002c65e9690a0_0, 0, 2;
    %jmp T_0.5;
T_0.3 ;
    %load/vec4 v000002c65ea5e900_0;
    %flag_set/vec4 8;
    %jmp/0xz  T_0.12, 8;
    %pushi/vec4 1, 0, 1;
    %store/vec4 v000002c65e942aa0_0, 0, 1;
    %pushi/vec4 1, 0, 2;
    %store/vec4 v000002c65e9690a0_0, 0, 2;
    %jmp T_0.13;
T_0.12 ;
    %pushi/vec4 0, 0, 2;
    %store/vec4 v000002c65e9690a0_0, 0, 2;
T_0.13 ;
    %jmp T_0.5;
T_0.5 ;
    %pop/vec4 1;
    %jmp T_0;
    .thread T_0, $push;
    .scope S_000002c65e968a60;
T_1 ;
    %wait E_000002c65ea573e0;
    %load/vec4 v000002c65e969140_0;
    %flag_set/vec4 8;
    %jmp/0xz  T_1.0, 8;
    %pushi/vec4 0, 0, 2;
    %assign/vec4 v000002c65e9691e0_0, 0;
    %jmp T_1.1;
T_1.0 ;
    %load/vec4 v000002c65e9690a0_0;
    %assign/vec4 v000002c65e9691e0_0, 0;
T_1.1 ;
    %jmp T_1;
    .thread T_1;
    .scope S_000002c65e9688d0;
T_2 ;
    %pushi/vec4 0, 0, 1;
    %store/vec4 v000002c65e942b40_0, 0, 1;
    %pushi/vec4 1, 0, 1;
    %store/vec4 v000002c65e942d20_0, 0, 1;
    %pushi/vec4 0, 0, 1;
    %store/vec4 v000002c65e942be0_0, 0, 1;
    %pushi/vec4 1757, 0, 11;
    %store/vec4 v000002c65e942dc0_0, 0, 11;
    %end;
    .thread T_2;
    .scope S_000002c65e9688d0;
T_3 ;
    %delay 5000, 0;
    %load/vec4 v000002c65e942b40_0;
    %inv;
    %store/vec4 v000002c65e942b40_0, 0, 1;
    %jmp T_3;
    .thread T_3;
    .scope S_000002c65e9688d0;
T_4 ;
    %vpi_call 2 31 "$dumpfile", "dump.vcd" {0 0 0};
    %vpi_call 2 32 "$dumpvars", 32'sb00000000000000000000000000000000, S_000002c65e9688d0 {0 0 0};
    %pushi/vec4 2, 0, 32;
T_4.0 %dup/vec4;
    %pushi/vec4 0, 0, 32;
    %cmp/s;
    %jmp/1xz T_4.1, 5;
    %jmp/1 T_4.1, 4;
    %pushi/vec4 1, 0, 32;
    %sub;
    %wait E_000002c65ea573e0;
    %jmp T_4.0;
T_4.1 ;
    %pop/vec4 1;
    %pushi/vec4 0, 0, 1;
    %assign/vec4 v000002c65e942d20_0, 0;
    %wait E_000002c65ea573e0;
    %vpi_call 2 39 "$display", "Time   idx  din  y   (y pulses on the cycle the last '1' of 1101 arrives)" {0 0 0};
    %pushi/vec4 10, 0, 32;
    %store/vec4 v000002c65e942c80_0, 0, 32;
T_4.2 ;
    %load/vec4 v000002c65e942c80_0;
    %cmpi/s 0, 0, 32;
    %flag_inv 5; GE is !LT
    %jmp/0xz T_4.3, 5;
    %load/vec4 v000002c65e942dc0_0;
    %load/vec4 v000002c65e942c80_0;
    %part/s 1;
    %assign/vec4 v000002c65e942be0_0, 0;
    %wait E_000002c65ea573e0;
    %pushi/vec4 10, 0, 32;
    %load/vec4 v000002c65e942c80_0;
    %sub;
    %vpi_call 2 44 "$display", "%0t  %2d    %0d    %0d", $time, S<0,vec4,s32>, &PV<v000002c65e942dc0_0, v000002c65e942c80_0, 1>, v000002c65e942e60_0 {1 0 0};
    %load/vec4 v000002c65e942c80_0;
    %subi 1, 0, 32;
    %store/vec4 v000002c65e942c80_0, 0, 32;
    %jmp T_4.2;
T_4.3 ;
    %pushi/vec4 0, 0, 1;
    %assign/vec4 v000002c65e942be0_0, 0;
    %pushi/vec4 3, 0, 32;
T_4.4 %dup/vec4;
    %pushi/vec4 0, 0, 32;
    %cmp/s;
    %jmp/1xz T_4.5, 5;
    %jmp/1 T_4.5, 4;
    %pushi/vec4 1, 0, 32;
    %sub;
    %wait E_000002c65ea573e0;
    %jmp T_4.4;
T_4.5 ;
    %pop/vec4 1;
    %vpi_call 2 51 "$finish" {0 0 0};
    %end;
    .thread T_4;
# The file index is used to find the file name in the following table.
:file_names 4;
    "N/A";
    "<interactive>";
    "tb_seq_detect_mealy.v";
    "seq_detect_mealy.v";
